2025-04-01 00:13:06 [main] INFO  ExtentListener - ExtentListener is working
2025-04-01 00:13:06 [main] INFO  ExtentListener - extent == null, initializing
2025-04-01 00:13:06 [main] INFO  ExtentListener - ExtentListener: onStart - ExtentReports initialized
2025-04-01 00:13:06 [main] INFO  BaseTest - Log directory already exists: F:\HoaiTu\SM\GoSell\GS_Automation\testJavaMaven/logs
2025-04-01 00:13:13 [main] INFO  BaseTest - WebDriver initialized successfully
2025-04-01 00:13:13 [main] WARN  BaseTest - ExtentTest (class) is null in setup
2025-04-01 00:13:13 [main] INFO  BaseTest - Log directory already exists: F:\HoaiTu\SM\GoSell\GS_Automation\testJavaMaven/logs
2025-04-01 00:13:15 [main] INFO  BaseTest - WebDriver initialized successfully
2025-04-01 00:13:15 [main] WARN  BaseTest - ExtentTest (class) is null in setup
2025-04-01 00:13:17 [main] INFO  ExtentListener - onTestStart called for: testCreateIMEIProduct
2025-04-01 00:13:17 [main] INFO  ExtentListener - Test started: testCreateIMEIProduct
2025-04-01 00:13:18 [main] INFO  LoginPage - Starting login process...
2025-04-01 00:13:18 [main] INFO  LoginPage - Input password ...........Successfully
2025-04-01 00:13:18 [main] INFO  ProductPage2 - Starting navigateToProducts process...
2025-04-01 00:13:25 [main] INFO  ProductPage2 - Starting navigateToAllProducts process...
2025-04-01 00:13:26 [main] INFO  ProductPage2 - Starting clickCreateProduct process...
2025-04-01 00:13:27 [main] INFO  ProductPage2 - Starting inputProductName process...
2025-04-01 00:13:31 [main] INFO  ProductPage2 - Starting inputDescription process...
2025-04-01 00:13:33 [main] INFO  ProductPage2 - Starting selectImage process...
2025-04-01 00:13:33 [main] INFO  ProductPage2 - utility.scrollToElement(driver, clickSelectImage);
2025-04-01 00:13:33 [main] ERROR ExtentListener - Test failed: testCreateIMEIProduct - org.openqa.selenium.InvalidArgumentException: invalid argument: File not found : C:\Users\admin\Downloads\20250215_123821.jpg
  (Session info: chrome=134.0.6998.178)
Build info: version: '4.20.0', revision: '866c76ca80'
System info: os.name: 'Windows 10', os.arch: 'amd64', os.version: '10.0', java.version: '17.0.12'
Driver info: org.openqa.selenium.chrome.ChromeDriver
Command: [601b94645a7ff4f1b5a286356d4c4c71, sendKeysToElement {id=f.8FA11945F368C76A88089B55ED6EB3EB.d.A22EBBD73AD85A326C8790E890930326.e.289, value=[Ljava.lang.CharSequence;@5d51e129}]
Capabilities {acceptInsecureCerts: false, browserName: chrome, browserVersion: 134.0.6998.178, chrome: {chromedriverVersion: 134.0.6998.165 (fd886e2cb29..., userDataDir: C:\Users\hoait\AppData\Loca...}, fedcm:accounts: true, goog:chromeOptions: {debuggerAddress: localhost:52631}, networkConnectionEnabled: false, pageLoadStrategy: normal, platformName: windows, proxy: Proxy(), se:cdp: ws://localhost:52631/devtoo..., se:cdpVersion: 134.0.6998.178, setWindowRect: true, strictFileInteractability: false, timeouts: {implicit: 0, pageLoad: 300000, script: 30000}, unhandledPromptBehavior: dismiss and notify, webauthn:extension:credBlob: true, webauthn:extension:largeBlob: true, webauthn:extension:minPinLength: true, webauthn:extension:prf: true, webauthn:virtualAuthenticators: true}
Element: [[ChromeDriver: chrome on windows (601b94645a7ff4f1b5a286356d4c4c71)] -> xpath: //input[@type='file']]
Session ID: 601b94645a7ff4f1b5a286356d4c4c71
2025-04-01 00:13:33 [main] INFO  ExtentListener - Capturing screenshot for failed test
2025-04-01 00:13:33 [main] INFO  ExtentListener - Start function captureScreenshot
2025-04-01 00:13:33 [main] INFO  ExtentListener - captureScreenshot in onTestFailure: test-output/screenshots/testCreateIMEIProduct.png
2025-04-01 00:13:33 [main] INFO  BaseTest - Start function close browser
2025-04-01 00:13:34 [main] INFO  BaseTest - Browser closed successfully
2025-04-01 00:13:34 [main] INFO  BaseTest - Start function close browser
2025-04-01 00:13:34 [main] INFO  BaseTest - Browser closed successfully
2025-04-01 00:13:34 [main] INFO  BaseTest - Log directory already exists: F:\HoaiTu\SM\GoSell\GS_Automation\testJavaMaven/logs
2025-04-01 00:13:37 [main] INFO  BaseTest - WebDriver initialized successfully
2025-04-01 00:13:37 [main] INFO  BaseTest - Log directory already exists: F:\HoaiTu\SM\GoSell\GS_Automation\testJavaMaven/logs
2025-04-01 00:13:39 [main] INFO  BaseTest - WebDriver initialized successfully
2025-04-01 00:13:41 [main] INFO  ExtentListener - onTestStart called for: testCreateNormalProductTest
2025-04-01 00:13:41 [main] INFO  ExtentListener - Test started: testCreateNormalProductTest
2025-04-01 00:13:42 [main] INFO  LoginPage - Starting login process...
2025-04-01 00:13:42 [main] INFO  LoginPage - Input password ...........Successfully
2025-04-01 00:13:42 [main] INFO  ProductPage2 - Starting navigateToProducts process...
2025-04-01 00:13:51 [main] INFO  ProductPage2 - Starting navigateToAllProducts process...
2025-04-01 00:13:52 [main] INFO  ProductPage2 - Start function deleteProductByName
2025-04-01 00:13:57 [main] INFO  ExtentListener - Test passed: testCreateNormalProductTest
2025-04-01 00:13:57 [main] INFO  ProductPage2 - Start function deleteProductByName
2025-04-01 00:14:02 [main] INFO  BaseTest - Start function close browser
2025-04-01 00:14:03 [main] INFO  BaseTest - Browser closed successfully
2025-04-01 00:14:03 [main] INFO  BaseTest - Start function close browser
2025-04-01 00:14:03 [main] INFO  BaseTest - Browser closed successfully
2025-04-01 00:14:03 [main] INFO  BaseTest - Log directory already exists: F:\HoaiTu\SM\GoSell\GS_Automation\testJavaMaven/logs
2025-04-01 00:14:05 [main] INFO  BaseTest - WebDriver initialized successfully
2025-04-01 00:14:05 [main] INFO  BaseTest - Log directory already exists: F:\HoaiTu\SM\GoSell\GS_Automation\testJavaMaven/logs
2025-04-01 00:14:07 [main] INFO  BaseTest - WebDriver initialized successfully
2025-04-01 00:14:09 [main] INFO  ExtentListener - onTestStart called for: TestCreateProductSetupVAT
2025-04-01 00:14:09 [main] INFO  ExtentListener - Test started: TestCreateProductSetupVAT
2025-04-01 00:14:09 [main] INFO  LoginPage - Starting login process...
2025-04-01 00:14:10 [main] INFO  LoginPage - Input password ...........Successfully
2025-04-01 00:14:10 [main] INFO  ProductPage2 - Starting navigateToProducts process...
2025-04-01 00:14:17 [main] INFO  ProductPage2 - Starting navigateToAllProducts process...
2025-04-01 00:14:18 [main] INFO  ProductPage2 - Starting clickCreateProduct process...
2025-04-01 00:14:18 [main] INFO  ProductPage2 - Starting inputProductName process...
2025-04-01 00:14:22 [main] INFO  ProductPage2 - Starting inputDescription process...
2025-04-01 00:14:22 [main] INFO  ProductPage2 - Starting selectImage process...
2025-04-01 00:14:23 [main] INFO  ProductPage2 - utility.scrollToElement(driver, clickSelectImage);
2025-04-01 00:14:23 [main] ERROR ExtentListener - Test failed: TestCreateProductSetupVAT - org.openqa.selenium.InvalidArgumentException: invalid argument: File not found : C:\Users\admin\Downloads\20250215_123821.jpg
  (Session info: chrome=134.0.6998.178)
Build info: version: '4.20.0', revision: '866c76ca80'
System info: os.name: 'Windows 10', os.arch: 'amd64', os.version: '10.0', java.version: '17.0.12'
Driver info: org.openqa.selenium.chrome.ChromeDriver
Command: [c2a4a317409bf975baf11b156206c49f, sendKeysToElement {id=f.E5C37D498E08120A3F7CCF159C0CE34B.d.4AF694643A4812863815ED06B4807F60.e.293, value=[Ljava.lang.CharSequence;@11d045b4}]
Capabilities {acceptInsecureCerts: false, browserName: chrome, browserVersion: 134.0.6998.178, chrome: {chromedriverVersion: 134.0.6998.165 (fd886e2cb29..., userDataDir: C:\Users\hoait\AppData\Loca...}, fedcm:accounts: true, goog:chromeOptions: {debuggerAddress: localhost:52782}, networkConnectionEnabled: false, pageLoadStrategy: normal, platformName: windows, proxy: Proxy(), se:cdp: ws://localhost:52782/devtoo..., se:cdpVersion: 134.0.6998.178, setWindowRect: true, strictFileInteractability: false, timeouts: {implicit: 0, pageLoad: 300000, script: 30000}, unhandledPromptBehavior: dismiss and notify, webauthn:extension:credBlob: true, webauthn:extension:largeBlob: true, webauthn:extension:minPinLength: true, webauthn:extension:prf: true, webauthn:virtualAuthenticators: true}
Element: [[ChromeDriver: chrome on windows (c2a4a317409bf975baf11b156206c49f)] -> xpath: //input[@type='file']]
Session ID: c2a4a317409bf975baf11b156206c49f
2025-04-01 00:14:23 [main] INFO  ExtentListener - Capturing screenshot for failed test
2025-04-01 00:14:23 [main] INFO  ExtentListener - Start function captureScreenshot
2025-04-01 00:14:23 [main] INFO  ExtentListener - captureScreenshot in onTestFailure: test-output/screenshots/TestCreateProductSetupVAT.png
2025-04-01 00:14:23 [main] INFO  BaseTest - Start function close browser
2025-04-01 00:14:24 [main] INFO  BaseTest - Browser closed successfully
2025-04-01 00:14:24 [main] INFO  BaseTest - Start function close browser
2025-04-01 00:14:24 [main] INFO  BaseTest - Browser closed successfully
2025-04-01 00:14:24 [main] INFO  BaseTest - Log directory already exists: F:\HoaiTu\SM\GoSell\GS_Automation\testJavaMaven/logs
2025-04-01 00:14:28 [main] INFO  BaseTest - WebDriver initialized successfully
2025-04-01 00:14:28 [main] INFO  BaseTest - Log directory already exists: F:\HoaiTu\SM\GoSell\GS_Automation\testJavaMaven/logs
2025-04-01 00:14:30 [main] INFO  BaseTest - WebDriver initialized successfully
2025-04-01 00:14:32 [main] INFO  ExtentListener - onTestStart called for: testCreateProductShowOnApp
2025-04-01 00:14:32 [main] INFO  ExtentListener - Test started: testCreateProductShowOnApp
2025-04-01 00:14:33 [main] INFO  LoginPage - Starting login process...
2025-04-01 00:14:33 [main] INFO  LoginPage - Input password ...........Successfully
2025-04-01 00:14:33 [main] INFO  ProductPage2 - Starting navigateToProducts process...
2025-04-01 00:14:41 [main] INFO  ProductPage2 - Starting navigateToAllProducts process...
2025-04-01 00:14:42 [main] INFO  ProductPage2 - Starting clickCreateProduct process...
2025-04-01 00:14:42 [main] INFO  ProductPage2 - Starting inputProductName process...
2025-04-01 00:14:46 [main] INFO  ProductPage2 - Starting inputDescription process...
2025-04-01 00:14:47 [main] INFO  ProductPage2 - Starting selectImage process...
2025-04-01 00:14:47 [main] INFO  ProductPage2 - utility.scrollToElement(driver, clickSelectImage);
2025-04-01 00:14:47 [main] ERROR ExtentListener - Test failed: testCreateProductShowOnApp - org.openqa.selenium.InvalidArgumentException: invalid argument: File not found : C:\Users\admin\Downloads\20250215_123821.jpg
  (Session info: chrome=134.0.6998.178)
Build info: version: '4.20.0', revision: '866c76ca80'
System info: os.name: 'Windows 10', os.arch: 'amd64', os.version: '10.0', java.version: '17.0.12'
Driver info: org.openqa.selenium.chrome.ChromeDriver
Command: [402234c44333a6e80711bcc8c4d9674c, sendKeysToElement {id=f.6316D3572C1D05FFB42980C1C70D52C1.d.691DD82EFE1B85F5A290FE3AB2844FFE.e.310, value=[Ljava.lang.CharSequence;@78307a56}]
Capabilities {acceptInsecureCerts: false, browserName: chrome, browserVersion: 134.0.6998.178, chrome: {chromedriverVersion: 134.0.6998.165 (fd886e2cb29..., userDataDir: C:\Users\hoait\AppData\Loca...}, fedcm:accounts: true, goog:chromeOptions: {debuggerAddress: localhost:52855}, networkConnectionEnabled: false, pageLoadStrategy: normal, platformName: windows, proxy: Proxy(), se:cdp: ws://localhost:52855/devtoo..., se:cdpVersion: 134.0.6998.178, setWindowRect: true, strictFileInteractability: false, timeouts: {implicit: 0, pageLoad: 300000, script: 30000}, unhandledPromptBehavior: dismiss and notify, webauthn:extension:credBlob: true, webauthn:extension:largeBlob: true, webauthn:extension:minPinLength: true, webauthn:extension:prf: true, webauthn:virtualAuthenticators: true}
Element: [[ChromeDriver: chrome on windows (402234c44333a6e80711bcc8c4d9674c)] -> xpath: //input[@type='file']]
Session ID: 402234c44333a6e80711bcc8c4d9674c
2025-04-01 00:14:47 [main] INFO  ExtentListener - Capturing screenshot for failed test
2025-04-01 00:14:47 [main] INFO  ExtentListener - Start function captureScreenshot
2025-04-01 00:14:47 [main] INFO  ExtentListener - captureScreenshot in onTestFailure: test-output/screenshots/testCreateProductShowOnApp.png
2025-04-01 00:14:47 [main] INFO  BaseTest - Start function close browser
2025-04-01 00:14:49 [main] INFO  BaseTest - Browser closed successfully
2025-04-01 00:14:49 [main] INFO  BaseTest - Start function close browser
2025-04-01 00:14:49 [main] INFO  BaseTest - Browser closed successfully
2025-04-01 00:14:49 [main] INFO  BaseTest - Log directory already exists: F:\HoaiTu\SM\GoSell\GS_Automation\testJavaMaven/logs
2025-04-01 00:14:51 [main] INFO  BaseTest - WebDriver initialized successfully
2025-04-01 00:14:51 [main] INFO  BaseTest - Log directory already exists: F:\HoaiTu\SM\GoSell\GS_Automation\testJavaMaven/logs
2025-04-01 00:14:53 [main] INFO  BaseTest - WebDriver initialized successfully
2025-04-01 00:14:55 [main] INFO  ExtentListener - onTestStart called for: testCreateProductShowOnWeb
2025-04-01 00:14:55 [main] INFO  ExtentListener - Test started: testCreateProductShowOnWeb
2025-04-01 00:14:56 [main] INFO  LoginPage - Starting login process...
2025-04-01 00:14:56 [main] INFO  LoginPage - Input password ...........Successfully
2025-04-01 00:14:56 [main] INFO  ProductPage2 - Starting navigateToProducts process...
2025-04-01 00:15:04 [main] INFO  ProductPage2 - Starting navigateToAllProducts process...
2025-04-01 00:15:05 [main] INFO  ProductPage2 - Starting clickCreateProduct process...
2025-04-01 00:15:05 [main] INFO  ProductPage2 - Starting inputProductName process...
2025-04-01 00:15:09 [main] INFO  ProductPage2 - Starting inputDescription process...
2025-04-01 00:15:10 [main] INFO  ProductPage2 - Starting selectImage process...
2025-04-01 00:15:10 [main] INFO  ProductPage2 - utility.scrollToElement(driver, clickSelectImage);
2025-04-01 00:15:10 [main] ERROR ExtentListener - Test failed: testCreateProductShowOnWeb - org.openqa.selenium.InvalidArgumentException: invalid argument: File not found : C:\Users\admin\Downloads\20250215_123821.jpg
  (Session info: chrome=134.0.6998.178)
Build info: version: '4.20.0', revision: '866c76ca80'
System info: os.name: 'Windows 10', os.arch: 'amd64', os.version: '10.0', java.version: '17.0.12'
Driver info: org.openqa.selenium.chrome.ChromeDriver
Command: [7a873697235e665f6a6827d90a3d3bf3, sendKeysToElement {id=f.6008C2A38CB8C73DEE8CB4CC3D13F0A8.d.C7A385150416D234511A78161F5C24C1.e.295, value=[Ljava.lang.CharSequence;@7c1503a3}]
Capabilities {acceptInsecureCerts: false, browserName: chrome, browserVersion: 134.0.6998.178, chrome: {chromedriverVersion: 134.0.6998.165 (fd886e2cb29..., userDataDir: C:\Users\hoait\AppData\Loca...}, fedcm:accounts: true, goog:chromeOptions: {debuggerAddress: localhost:52928}, networkConnectionEnabled: false, pageLoadStrategy: normal, platformName: windows, proxy: Proxy(), se:cdp: ws://localhost:52928/devtoo..., se:cdpVersion: 134.0.6998.178, setWindowRect: true, strictFileInteractability: false, timeouts: {implicit: 0, pageLoad: 300000, script: 30000}, unhandledPromptBehavior: dismiss and notify, webauthn:extension:credBlob: true, webauthn:extension:largeBlob: true, webauthn:extension:minPinLength: true, webauthn:extension:prf: true, webauthn:virtualAuthenticators: true}
Element: [[ChromeDriver: chrome on windows (7a873697235e665f6a6827d90a3d3bf3)] -> xpath: //input[@type='file']]
Session ID: 7a873697235e665f6a6827d90a3d3bf3
2025-04-01 00:15:10 [main] INFO  ExtentListener - Capturing screenshot for failed test
2025-04-01 00:15:10 [main] INFO  ExtentListener - Start function captureScreenshot
2025-04-01 00:15:10 [main] INFO  ExtentListener - captureScreenshot in onTestFailure: test-output/screenshots/testCreateProductShowOnWeb.png
2025-04-01 00:15:10 [main] INFO  BaseTest - Start function close browser
2025-04-01 00:15:11 [main] INFO  BaseTest - Browser closed successfully
2025-04-01 00:15:11 [main] INFO  BaseTest - Start function close browser
2025-04-01 00:15:11 [main] INFO  BaseTest - Browser closed successfully
2025-04-01 00:15:11 [main] INFO  BaseTest - Log directory already exists: F:\HoaiTu\SM\GoSell\GS_Automation\testJavaMaven/logs
2025-04-01 00:15:13 [main] INFO  BaseTest - WebDriver initialized successfully
2025-04-01 00:15:13 [main] INFO  BaseTest - Log directory already exists: F:\HoaiTu\SM\GoSell\GS_Automation\testJavaMaven/logs
2025-04-01 00:15:16 [main] INFO  BaseTest - WebDriver initialized successfully
2025-04-01 00:15:18 [main] INFO  ExtentListener - onTestStart called for: testCreateNormalProductTest
2025-04-01 00:15:18 [main] INFO  ExtentListener - Test started: testCreateNormalProductTest
2025-04-01 00:15:18 [main] INFO  LoginPage - Starting login process...
2025-04-01 00:15:19 [main] INFO  LoginPage - Input password ...........Successfully
2025-04-01 00:15:19 [main] INFO  ProductPage2 - Starting navigateToProducts process...
2025-04-01 00:15:26 [main] INFO  ProductPage2 - Starting navigateToAllProducts process...
2025-04-01 00:15:27 [main] INFO  ProductPage2 - Starting clickCreateProduct process...
2025-04-01 00:15:27 [main] INFO  ProductPage2 - Starting inputProductName process...
2025-04-01 00:15:31 [main] INFO  ProductPage2 - Starting inputDescription process...
2025-04-01 00:15:32 [main] INFO  ProductPage2 - Starting selectImage process...
2025-04-01 00:15:32 [main] INFO  ProductPage2 - utility.scrollToElement(driver, clickSelectImage);
2025-04-01 00:15:32 [main] ERROR ExtentListener - Test failed: testCreateNormalProductTest - org.openqa.selenium.InvalidArgumentException: invalid argument: File not found : C:\Users\admin\Downloads\20250215_123821.jpg
  (Session info: chrome=134.0.6998.178)
Build info: version: '4.20.0', revision: '866c76ca80'
System info: os.name: 'Windows 10', os.arch: 'amd64', os.version: '10.0', java.version: '17.0.12'
Driver info: org.openqa.selenium.chrome.ChromeDriver
Command: [7200118487288337e4f2f14c6c7ff583, sendKeysToElement {id=f.3D1C84BCDD542240277E905F950A026B.d.04E1ECFCF0CA66979E9C6CF12601D204.e.295, value=[Ljava.lang.CharSequence;@2616b618}]
Capabilities {acceptInsecureCerts: false, browserName: chrome, browserVersion: 134.0.6998.178, chrome: {chromedriverVersion: 134.0.6998.165 (fd886e2cb29..., userDataDir: C:\Users\hoait\AppData\Loca...}, fedcm:accounts: true, goog:chromeOptions: {debuggerAddress: localhost:53003}, networkConnectionEnabled: false, pageLoadStrategy: normal, platformName: windows, proxy: Proxy(), se:cdp: ws://localhost:53003/devtoo..., se:cdpVersion: 134.0.6998.178, setWindowRect: true, strictFileInteractability: false, timeouts: {implicit: 0, pageLoad: 300000, script: 30000}, unhandledPromptBehavior: dismiss and notify, webauthn:extension:credBlob: true, webauthn:extension:largeBlob: true, webauthn:extension:minPinLength: true, webauthn:extension:prf: true, webauthn:virtualAuthenticators: true}
Element: [[ChromeDriver: chrome on windows (7200118487288337e4f2f14c6c7ff583)] -> xpath: //input[@type='file']]
Session ID: 7200118487288337e4f2f14c6c7ff583
2025-04-01 00:15:32 [main] INFO  ExtentListener - Capturing screenshot for failed test
2025-04-01 00:15:32 [main] INFO  ExtentListener - Start function captureScreenshot
2025-04-01 00:15:32 [main] INFO  ExtentListener - captureScreenshot in onTestFailure: test-output/screenshots/testCreateNormalProductTest.png
2025-04-01 00:15:32 [main] INFO  BaseTest - Start function close browser
2025-04-01 00:15:33 [main] INFO  BaseTest - Browser closed successfully
2025-04-01 00:15:33 [main] INFO  BaseTest - Start function close browser
2025-04-01 00:15:33 [main] INFO  BaseTest - Browser closed successfully
2025-04-01 00:15:33 [main] INFO  BaseTest - Log directory already exists: F:\HoaiTu\SM\GoSell\GS_Automation\testJavaMaven/logs
2025-04-01 00:15:36 [main] INFO  BaseTest - WebDriver initialized successfully
2025-04-01 00:15:36 [main] INFO  BaseTest - Log directory already exists: F:\HoaiTu\SM\GoSell\GS_Automation\testJavaMaven/logs
2025-04-01 00:15:38 [main] INFO  BaseTest - WebDriver initialized successfully
2025-04-01 00:15:40 [main] INFO  ExtentListener - onTestStart called for: testCreateProductHiddenTest
2025-04-01 00:15:40 [main] INFO  ExtentListener - Test started: testCreateProductHiddenTest
2025-04-01 00:15:41 [main] INFO  LoginPage - Starting login process...
2025-04-01 00:15:41 [main] INFO  LoginPage - Input password ...........Successfully
2025-04-01 00:15:41 [main] INFO  ProductPage2 - Starting navigateToProducts process...
2025-04-01 00:15:49 [main] INFO  ProductPage2 - Starting navigateToAllProducts process...
2025-04-01 00:15:50 [main] INFO  ProductPage2 - Starting clickCreateProduct process...
2025-04-01 00:15:50 [main] INFO  ProductPage2 - Starting inputProductName process...
2025-04-01 00:15:54 [main] INFO  ProductPage2 - Starting inputDescription process...
2025-04-01 00:15:55 [main] INFO  ProductPage2 - Starting selectImage process...
2025-04-01 00:15:55 [main] INFO  ProductPage2 - utility.scrollToElement(driver, clickSelectImage);
2025-04-01 00:15:55 [main] ERROR ExtentListener - Test failed: testCreateProductHiddenTest - org.openqa.selenium.InvalidArgumentException: invalid argument: File not found : C:\Users\admin\Downloads\20250215_123821.jpg
  (Session info: chrome=134.0.6998.178)
Build info: version: '4.20.0', revision: '866c76ca80'
System info: os.name: 'Windows 10', os.arch: 'amd64', os.version: '10.0', java.version: '17.0.12'
Driver info: org.openqa.selenium.chrome.ChromeDriver
Command: [5c5460983e6ead492be6f735e33b7ac6, sendKeysToElement {id=f.5FEE8C498589378F4955CB9D4020CAB2.d.84DAD85A8FC789A288A3E710BAA73B1F.e.307, value=[Ljava.lang.CharSequence;@7ef8e623}]
Capabilities {acceptInsecureCerts: false, browserName: chrome, browserVersion: 134.0.6998.178, chrome: {chromedriverVersion: 134.0.6998.165 (fd886e2cb29..., userDataDir: C:\Users\hoait\AppData\Loca...}, fedcm:accounts: true, goog:chromeOptions: {debuggerAddress: localhost:53071}, networkConnectionEnabled: false, pageLoadStrategy: normal, platformName: windows, proxy: Proxy(), se:cdp: ws://localhost:53071/devtoo..., se:cdpVersion: 134.0.6998.178, setWindowRect: true, strictFileInteractability: false, timeouts: {implicit: 0, pageLoad: 300000, script: 30000}, unhandledPromptBehavior: dismiss and notify, webauthn:extension:credBlob: true, webauthn:extension:largeBlob: true, webauthn:extension:minPinLength: true, webauthn:extension:prf: true, webauthn:virtualAuthenticators: true}
Element: [[ChromeDriver: chrome on windows (5c5460983e6ead492be6f735e33b7ac6)] -> xpath: //input[@type='file']]
Session ID: 5c5460983e6ead492be6f735e33b7ac6
2025-04-01 00:15:55 [main] INFO  ExtentListener - Capturing screenshot for failed test
2025-04-01 00:15:55 [main] INFO  ExtentListener - Start function captureScreenshot
2025-04-01 00:15:56 [main] INFO  ExtentListener - captureScreenshot in onTestFailure: test-output/screenshots/testCreateProductHiddenTest.png
2025-04-01 00:15:56 [main] INFO  BaseTest - Start function close browser
2025-04-01 00:15:57 [main] INFO  BaseTest - Browser closed successfully
2025-04-01 00:15:57 [main] INFO  BaseTest - Start function close browser
2025-04-01 00:15:57 [main] INFO  BaseTest - Browser closed successfully
2025-04-01 00:15:57 [main] INFO  BaseTest - Log directory already exists: F:\HoaiTu\SM\GoSell\GS_Automation\testJavaMaven/logs
2025-04-01 00:16:00 [main] INFO  BaseTest - WebDriver initialized successfully
2025-04-01 00:16:00 [main] INFO  BaseTest - Log directory already exists: F:\HoaiTu\SM\GoSell\GS_Automation\testJavaMaven/logs
2025-04-01 00:16:03 [main] INFO  BaseTest - WebDriver initialized successfully
2025-04-01 00:16:05 [main] INFO  ExtentListener - onTestStart called for: testCreateLotDateProductTest
2025-04-01 00:16:05 [main] INFO  ExtentListener - Test started: testCreateLotDateProductTest
2025-04-01 00:16:06 [main] INFO  LoginPage - Starting login process...
2025-04-01 00:16:06 [main] INFO  LoginPage - Input password ...........Successfully
2025-04-01 00:16:06 [main] INFO  ProductPage2 - Starting navigateToProducts process...
2025-04-01 00:16:15 [main] INFO  ProductPage2 - Starting navigateToAllProducts process...
2025-04-01 00:16:16 [main] INFO  ProductPage2 - Starting clickCreateProduct process...
2025-04-01 00:16:17 [main] INFO  ProductPage2 - Starting inputProductName process...
2025-04-01 00:16:22 [main] INFO  ProductPage2 - Starting inputDescription process...
2025-04-01 00:16:22 [main] INFO  ProductPage2 - Starting selectImage process...
2025-04-01 00:16:23 [main] INFO  ProductPage2 - utility.scrollToElement(driver, clickSelectImage);
2025-04-01 00:16:23 [main] ERROR ExtentListener - Test failed: testCreateLotDateProductTest - org.openqa.selenium.InvalidArgumentException: invalid argument: File not found : C:\Users\admin\Downloads\20250215_123821.jpg
  (Session info: chrome=134.0.6998.178)
Build info: version: '4.20.0', revision: '866c76ca80'
System info: os.name: 'Windows 10', os.arch: 'amd64', os.version: '10.0', java.version: '17.0.12'
Driver info: org.openqa.selenium.chrome.ChromeDriver
Command: [caf57674fb14e1b80b2b260cd2c79612, sendKeysToElement {id=f.61B5FB486BF61412B323942DF01C3C9B.d.9A165BD4F5EDA4DD9C3EB83C6FD229E2.e.304, value=[Ljava.lang.CharSequence;@315b5913}]
Capabilities {acceptInsecureCerts: false, browserName: chrome, browserVersion: 134.0.6998.178, chrome: {chromedriverVersion: 134.0.6998.165 (fd886e2cb29..., userDataDir: C:\Users\hoait\AppData\Loca...}, fedcm:accounts: true, goog:chromeOptions: {debuggerAddress: localhost:53150}, networkConnectionEnabled: false, pageLoadStrategy: normal, platformName: windows, proxy: Proxy(), se:cdp: ws://localhost:53150/devtoo..., se:cdpVersion: 134.0.6998.178, setWindowRect: true, strictFileInteractability: false, timeouts: {implicit: 0, pageLoad: 300000, script: 30000}, unhandledPromptBehavior: dismiss and notify, webauthn:extension:credBlob: true, webauthn:extension:largeBlob: true, webauthn:extension:minPinLength: true, webauthn:extension:prf: true, webauthn:virtualAuthenticators: true}
Element: [[ChromeDriver: chrome on windows (caf57674fb14e1b80b2b260cd2c79612)] -> xpath: //input[@type='file']]
Session ID: caf57674fb14e1b80b2b260cd2c79612
2025-04-01 00:16:23 [main] INFO  ExtentListener - Capturing screenshot for failed test
2025-04-01 00:16:23 [main] INFO  ExtentListener - Start function captureScreenshot
2025-04-01 00:16:23 [main] INFO  ExtentListener - captureScreenshot in onTestFailure: test-output/screenshots/testCreateLotDateProductTest.png
2025-04-01 00:16:23 [main] INFO  BaseTest - Start function close browser
2025-04-01 00:16:24 [main] INFO  BaseTest - Browser closed successfully
2025-04-01 00:16:24 [main] INFO  BaseTest - Start function close browser
2025-04-01 00:16:24 [main] INFO  BaseTest - Browser closed successfully
2025-04-01 00:16:24 [main] INFO  BaseTest - Log directory already exists: F:\HoaiTu\SM\GoSell\GS_Automation\testJavaMaven/logs
2025-04-01 00:16:27 [main] INFO  BaseTest - WebDriver initialized successfully
2025-04-01 00:16:27 [main] INFO  BaseTest - Log directory already exists: F:\HoaiTu\SM\GoSell\GS_Automation\testJavaMaven/logs
2025-04-01 00:16:30 [main] INFO  BaseTest - WebDriver initialized successfully
2025-04-01 00:16:30 [main] INFO  ExtentListener - onTestStart called for: testCreateProductNoVariant
2025-04-01 00:16:30 [main] INFO  ExtentListener - Test started: testCreateProductNoVariant
2025-04-01 00:16:33 [main] INFO  LoginPage - Starting login process...
2025-04-01 00:16:33 [main] INFO  LoginPage - Input password ...........Successfully
2025-04-01 00:16:33 [main] INFO  ProductPage2 - Starting navigateToProducts process...
2025-04-01 00:16:42 [main] INFO  ProductPage2 - Starting navigateToAllProducts process...
2025-04-01 00:16:43 [main] INFO  ProductPage2 - Starting clickCreateProduct process...
2025-04-01 00:16:44 [main] INFO  ProductPage2 - Starting inputProductName process...
2025-04-01 00:16:47 [main] INFO  ProductPage2 - Starting inputDescription process...
2025-04-01 00:16:48 [main] INFO  ProductPage2 - Starting selectImage process...
2025-04-01 00:16:48 [main] INFO  ProductPage2 - utility.scrollToElement(driver, clickSelectImage);
2025-04-01 00:16:48 [main] ERROR ExtentListener - Test failed: testCreateProductNoVariant - org.openqa.selenium.InvalidArgumentException: invalid argument: File not found : C:\Users\admin\Downloads\20250215_123821.jpg
  (Session info: chrome=134.0.6998.178)
Build info: version: '4.20.0', revision: '866c76ca80'
System info: os.name: 'Windows 10', os.arch: 'amd64', os.version: '10.0', java.version: '17.0.12'
Driver info: org.openqa.selenium.chrome.ChromeDriver
Command: [d11337300be5db2754073b5f77a69d8e, sendKeysToElement {id=f.0013F24FF6BCFF688C65DB14BF4129E7.d.66ECB7A9ADE9E24226D761F0C609379D.e.296, value=[Ljava.lang.CharSequence;@3c7d8a4}]
Capabilities {acceptInsecureCerts: false, browserName: chrome, browserVersion: 134.0.6998.178, chrome: {chromedriverVersion: 134.0.6998.165 (fd886e2cb29..., userDataDir: C:\Users\hoait\AppData\Loca...}, fedcm:accounts: true, goog:chromeOptions: {debuggerAddress: localhost:53220}, networkConnectionEnabled: false, pageLoadStrategy: normal, platformName: windows, proxy: Proxy(), se:cdp: ws://localhost:53220/devtoo..., se:cdpVersion: 134.0.6998.178, setWindowRect: true, strictFileInteractability: false, timeouts: {implicit: 0, pageLoad: 300000, script: 30000}, unhandledPromptBehavior: dismiss and notify, webauthn:extension:credBlob: true, webauthn:extension:largeBlob: true, webauthn:extension:minPinLength: true, webauthn:extension:prf: true, webauthn:virtualAuthenticators: true}
Element: [[ChromeDriver: chrome on windows (d11337300be5db2754073b5f77a69d8e)] -> xpath: //input[@type='file']]
Session ID: d11337300be5db2754073b5f77a69d8e
2025-04-01 00:16:48 [main] INFO  ExtentListener - Capturing screenshot for failed test
2025-04-01 00:16:48 [main] INFO  ExtentListener - Start function captureScreenshot
2025-04-01 00:16:49 [main] INFO  ExtentListener - captureScreenshot in onTestFailure: test-output/screenshots/testCreateProductNoVariant.png
2025-04-01 00:16:49 [main] INFO  BaseTest - Start function close browser
2025-04-01 00:16:50 [main] INFO  BaseTest - Browser closed successfully
2025-04-01 00:16:50 [main] INFO  BaseTest - Start function close browser
2025-04-01 00:16:50 [main] INFO  BaseTest - Browser closed successfully
2025-04-01 00:16:50 [main] INFO  BaseTest - Log directory already exists: F:\HoaiTu\SM\GoSell\GS_Automation\testJavaMaven/logs
2025-04-01 00:16:53 [main] INFO  BaseTest - WebDriver initialized successfully
2025-04-01 00:16:53 [main] INFO  BaseTest - Log directory already exists: F:\HoaiTu\SM\GoSell\GS_Automation\testJavaMaven/logs
2025-04-01 00:16:56 [main] INFO  BaseTest - WebDriver initialized successfully
2025-04-01 00:16:59 [main] INFO  ExtentListener - onTestStart called for: testCreateProductShowOnInStore
2025-04-01 00:16:59 [main] INFO  ExtentListener - Test started: testCreateProductShowOnInStore
2025-04-01 00:16:59 [main] INFO  LoginPage - Starting login process...
2025-04-01 00:16:59 [main] INFO  LoginPage - Input password ...........Successfully
2025-04-01 00:16:59 [main] INFO  ProductPage2 - Starting navigateToProducts process...
2025-04-01 00:17:08 [main] INFO  ProductPage2 - Starting navigateToAllProducts process...
2025-04-01 00:17:09 [main] INFO  ProductPage2 - Starting clickCreateProduct process...
2025-04-01 00:17:09 [main] INFO  ProductPage2 - Starting inputProductName process...
2025-04-01 00:17:13 [main] INFO  ProductPage2 - Starting inputDescription process...
2025-04-01 00:17:14 [main] INFO  ProductPage2 - Starting selectImage process...
2025-04-01 00:17:14 [main] INFO  ProductPage2 - utility.scrollToElement(driver, clickSelectImage);
2025-04-01 00:17:14 [main] ERROR ExtentListener - Test failed: testCreateProductShowOnInStore - org.openqa.selenium.InvalidArgumentException: invalid argument: File not found : C:\Users\admin\Downloads\20250215_123821.jpg
  (Session info: chrome=134.0.6998.178)
Build info: version: '4.20.0', revision: '866c76ca80'
System info: os.name: 'Windows 10', os.arch: 'amd64', os.version: '10.0', java.version: '17.0.12'
Driver info: org.openqa.selenium.chrome.ChromeDriver
Command: [b67dc71c758003c8e7509fac552974a0, sendKeysToElement {id=f.E5EB366BA4C92B5D576737E49904B054.d.40B8F62AEE2FF25AB4A61E68A5540E60.e.299, value=[Ljava.lang.CharSequence;@1b8ee69d}]
Capabilities {acceptInsecureCerts: false, browserName: chrome, browserVersion: 134.0.6998.178, chrome: {chromedriverVersion: 134.0.6998.165 (fd886e2cb29..., userDataDir: C:\Users\hoait\AppData\Loca...}, fedcm:accounts: true, goog:chromeOptions: {debuggerAddress: localhost:53308}, networkConnectionEnabled: false, pageLoadStrategy: normal, platformName: windows, proxy: Proxy(), se:cdp: ws://localhost:53308/devtoo..., se:cdpVersion: 134.0.6998.178, setWindowRect: true, strictFileInteractability: false, timeouts: {implicit: 0, pageLoad: 300000, script: 30000}, unhandledPromptBehavior: dismiss and notify, webauthn:extension:credBlob: true, webauthn:extension:largeBlob: true, webauthn:extension:minPinLength: true, webauthn:extension:prf: true, webauthn:virtualAuthenticators: true}
Element: [[ChromeDriver: chrome on windows (b67dc71c758003c8e7509fac552974a0)] -> xpath: //input[@type='file']]
Session ID: b67dc71c758003c8e7509fac552974a0
2025-04-01 00:17:14 [main] INFO  ExtentListener - Capturing screenshot for failed test
2025-04-01 00:17:14 [main] INFO  ExtentListener - Start function captureScreenshot
2025-04-01 00:17:14 [main] INFO  ExtentListener - captureScreenshot in onTestFailure: test-output/screenshots/testCreateProductShowOnInStore.png
2025-04-01 00:17:14 [main] INFO  BaseTest - Start function close browser
2025-04-01 00:17:16 [main] INFO  BaseTest - Browser closed successfully
2025-04-01 00:17:16 [main] INFO  BaseTest - Start function close browser
2025-04-01 00:17:16 [main] INFO  BaseTest - Browser closed successfully
2025-04-01 00:17:16 [main] INFO  BaseTest - Log directory already exists: F:\HoaiTu\SM\GoSell\GS_Automation\testJavaMaven/logs
2025-04-01 00:17:19 [main] INFO  BaseTest - WebDriver initialized successfully
2025-04-01 00:17:19 [main] INFO  BaseTest - Log directory already exists: F:\HoaiTu\SM\GoSell\GS_Automation\testJavaMaven/logs
2025-04-01 00:17:22 [main] INFO  BaseTest - WebDriver initialized successfully
2025-04-01 00:17:24 [main] INFO  ExtentListener - onTestStart called for: testCreateProductShowOnGoSocial
2025-04-01 00:17:24 [main] INFO  ExtentListener - Test started: testCreateProductShowOnGoSocial
2025-04-01 00:17:25 [main] INFO  LoginPage - Starting login process...
2025-04-01 00:17:25 [main] INFO  LoginPage - Input password ...........Successfully
2025-04-01 00:17:25 [main] INFO  ProductPage2 - Starting navigateToProducts process...
2025-04-01 00:17:33 [main] INFO  ProductPage2 - Starting navigateToAllProducts process...
2025-04-01 00:17:34 [main] INFO  ProductPage2 - Starting clickCreateProduct process...
2025-04-01 00:17:34 [main] INFO  ProductPage2 - Starting inputProductName process...
2025-04-01 00:17:38 [main] INFO  ProductPage2 - Starting inputDescription process...
2025-04-01 00:17:39 [main] INFO  ProductPage2 - Starting selectImage process...
2025-04-01 00:17:39 [main] INFO  ProductPage2 - utility.scrollToElement(driver, clickSelectImage);
2025-04-01 00:17:39 [main] ERROR ExtentListener - Test failed: testCreateProductShowOnGoSocial - org.openqa.selenium.InvalidArgumentException: invalid argument: File not found : C:\Users\admin\Downloads\20250215_123821.jpg
  (Session info: chrome=134.0.6998.178)
Build info: version: '4.20.0', revision: '866c76ca80'
System info: os.name: 'Windows 10', os.arch: 'amd64', os.version: '10.0', java.version: '17.0.12'
Driver info: org.openqa.selenium.chrome.ChromeDriver
Command: [8ae45ee39d87cd042529bbc80d88dbcf, sendKeysToElement {id=f.93C14097670845F40336124A297E504E.d.1FBBE5BBD9043BFCDCD2C451E86BB849.e.317, value=[Ljava.lang.CharSequence;@3c98981e}]
Capabilities {acceptInsecureCerts: false, browserName: chrome, browserVersion: 134.0.6998.178, chrome: {chromedriverVersion: 134.0.6998.165 (fd886e2cb29..., userDataDir: C:\Users\hoait\AppData\Loca...}, fedcm:accounts: true, goog:chromeOptions: {debuggerAddress: localhost:53383}, networkConnectionEnabled: false, pageLoadStrategy: normal, platformName: windows, proxy: Proxy(), se:cdp: ws://localhost:53383/devtoo..., se:cdpVersion: 134.0.6998.178, setWindowRect: true, strictFileInteractability: false, timeouts: {implicit: 0, pageLoad: 300000, script: 30000}, unhandledPromptBehavior: dismiss and notify, webauthn:extension:credBlob: true, webauthn:extension:largeBlob: true, webauthn:extension:minPinLength: true, webauthn:extension:prf: true, webauthn:virtualAuthenticators: true}
Element: [[ChromeDriver: chrome on windows (8ae45ee39d87cd042529bbc80d88dbcf)] -> xpath: //input[@type='file']]
Session ID: 8ae45ee39d87cd042529bbc80d88dbcf
2025-04-01 00:17:39 [main] INFO  ExtentListener - Capturing screenshot for failed test
2025-04-01 00:17:39 [main] INFO  ExtentListener - Start function captureScreenshot
2025-04-01 00:17:40 [main] INFO  ExtentListener - captureScreenshot in onTestFailure: test-output/screenshots/testCreateProductShowOnGoSocial.png
2025-04-01 00:17:40 [main] INFO  BaseTest - Start function close browser
2025-04-01 00:17:41 [main] INFO  BaseTest - Browser closed successfully
2025-04-01 00:17:41 [main] INFO  BaseTest - Start function close browser
2025-04-01 00:17:41 [main] INFO  BaseTest - Browser closed successfully
2025-04-01 00:17:41 [main] INFO  BaseTest - Log directory already exists: F:\HoaiTu\SM\GoSell\GS_Automation\testJavaMaven/logs
2025-04-01 00:17:42 [main] INFO  BaseTest - WebDriver initialized successfully
2025-04-01 00:17:42 [main] INFO  BaseTest - Log directory already exists: F:\HoaiTu\SM\GoSell\GS_Automation\testJavaMaven/logs
2025-04-01 00:17:45 [main] INFO  BaseTest - WebDriver initialized successfully
2025-04-01 00:17:49 [main] INFO  ExtentListener - onTestStart called for: testCreateProductWithOneVariantTest
2025-04-01 00:17:49 [main] INFO  ExtentListener - Test started: testCreateProductWithOneVariantTest
2025-04-01 00:17:49 [main] INFO  LoginPage - Starting login process...
2025-04-01 00:17:50 [main] INFO  LoginPage - Input password ...........Successfully
2025-04-01 00:17:50 [main] INFO  ProductPage2 - Starting navigateToProducts process...
2025-04-01 00:17:58 [main] INFO  ProductPage2 - Starting navigateToAllProducts process...
2025-04-01 00:17:59 [main] INFO  ProductPage2 - Starting clickCreateProduct process...
2025-04-01 00:18:00 [main] INFO  ProductPage2 - Starting inputProductName process...
2025-04-01 00:18:03 [main] INFO  ProductPage2 - Starting inputDescription process...
2025-04-01 00:18:04 [main] INFO  ProductPage2 - Starting selectImage process...
2025-04-01 00:18:04 [main] INFO  ProductPage2 - utility.scrollToElement(driver, clickSelectImage);
2025-04-01 00:18:04 [main] ERROR ExtentListener - Test failed: testCreateProductWithOneVariantTest - org.openqa.selenium.InvalidArgumentException: invalid argument: File not found : C:\Users\admin\Downloads\20250215_123821.jpg
  (Session info: chrome=134.0.6998.178)
Build info: version: '4.20.0', revision: '866c76ca80'
System info: os.name: 'Windows 10', os.arch: 'amd64', os.version: '10.0', java.version: '17.0.12'
Driver info: org.openqa.selenium.chrome.ChromeDriver
Command: [c7e7556a1aa4135abc735f488403f86b, sendKeysToElement {id=f.6FDD32A2ADBFED848BC6EA806D1C2A04.d.CE1E510DE28D1D017C20E2BC61F73E19.e.295, value=[Ljava.lang.CharSequence;@3d2eb7fa}]
Capabilities {acceptInsecureCerts: false, browserName: chrome, browserVersion: 134.0.6998.178, chrome: {chromedriverVersion: 134.0.6998.165 (fd886e2cb29..., userDataDir: C:\Users\hoait\AppData\Loca...}, fedcm:accounts: true, goog:chromeOptions: {debuggerAddress: localhost:53456}, networkConnectionEnabled: false, pageLoadStrategy: normal, platformName: windows, proxy: Proxy(), se:cdp: ws://localhost:53456/devtoo..., se:cdpVersion: 134.0.6998.178, setWindowRect: true, strictFileInteractability: false, timeouts: {implicit: 0, pageLoad: 300000, script: 30000}, unhandledPromptBehavior: dismiss and notify, webauthn:extension:credBlob: true, webauthn:extension:largeBlob: true, webauthn:extension:minPinLength: true, webauthn:extension:prf: true, webauthn:virtualAuthenticators: true}
Element: [[ChromeDriver: chrome on windows (c7e7556a1aa4135abc735f488403f86b)] -> xpath: //input[@type='file']]
Session ID: c7e7556a1aa4135abc735f488403f86b
2025-04-01 00:18:04 [main] INFO  ExtentListener - Capturing screenshot for failed test
2025-04-01 00:18:04 [main] INFO  ExtentListener - Start function captureScreenshot
2025-04-01 00:18:04 [main] INFO  ExtentListener - captureScreenshot in onTestFailure: test-output/screenshots/testCreateProductWithOneVariantTest.png
2025-04-01 00:18:05 [main] INFO  BaseTest - Start function close browser
2025-04-01 00:18:05 [main] INFO  BaseTest - Browser closed successfully
2025-04-01 00:18:05 [main] INFO  BaseTest - Start function close browser
2025-04-01 00:18:05 [main] INFO  BaseTest - Browser closed successfully
2025-04-01 00:18:05 [main] INFO  BaseTest - Log directory already exists: F:\HoaiTu\SM\GoSell\GS_Automation\testJavaMaven/logs
2025-04-01 00:18:08 [main] INFO  BaseTest - WebDriver initialized successfully
2025-04-01 00:18:08 [main] INFO  BaseTest - Log directory already exists: F:\HoaiTu\SM\GoSell\GS_Automation\testJavaMaven/logs
2025-04-01 00:18:10 [main] INFO  BaseTest - WebDriver initialized successfully
2025-04-01 00:18:10 [main] INFO  ExtentListener - onTestStart called for: testCreateProductNoVariant
2025-04-01 00:18:10 [main] INFO  ExtentListener - Test started: testCreateProductNoVariant
2025-04-01 00:18:14 [main] INFO  LoginPage - Starting login process...
2025-04-01 00:18:14 [main] INFO  LoginPage - Input password ...........Successfully
2025-04-01 00:18:14 [main] INFO  ProductPage2 - Starting navigateToProducts process...
2025-04-01 00:18:24 [main] INFO  ProductPage2 - Starting navigateToAllProducts process...
2025-04-01 00:18:24 [main] INFO  ProductPage2 - Starting clickCreateProduct process...
2025-04-01 00:18:25 [main] INFO  ProductPage2 - Starting inputProductName process...
2025-04-01 00:18:29 [main] INFO  ProductPage2 - Starting inputDescription process...
2025-04-01 00:18:29 [main] INFO  ProductPage2 - Starting selectImage process...
2025-04-01 00:18:29 [main] INFO  ProductPage2 - utility.scrollToElement(driver, clickSelectImage);
2025-04-01 00:18:30 [main] ERROR ExtentListener - Test failed: testCreateProductNoVariant - org.openqa.selenium.InvalidArgumentException: invalid argument: File not found : C:\Users\admin\Downloads\20250215_123821.jpg
  (Session info: chrome=134.0.6998.178)
Build info: version: '4.20.0', revision: '866c76ca80'
System info: os.name: 'Windows 10', os.arch: 'amd64', os.version: '10.0', java.version: '17.0.12'
Driver info: org.openqa.selenium.chrome.ChromeDriver
Command: [bdc796bbb8a792e69b271c97aeab13eb, sendKeysToElement {id=f.8AF841056F31E5B04B57F9C299823FE1.d.CB5B7469675955F26884392E49DF8ADF.e.292, value=[Ljava.lang.CharSequence;@2e785b28}]
Capabilities {acceptInsecureCerts: false, browserName: chrome, browserVersion: 134.0.6998.178, chrome: {chromedriverVersion: 134.0.6998.165 (fd886e2cb29..., userDataDir: C:\Users\hoait\AppData\Loca...}, fedcm:accounts: true, goog:chromeOptions: {debuggerAddress: localhost:53536}, networkConnectionEnabled: false, pageLoadStrategy: normal, platformName: windows, proxy: Proxy(), se:cdp: ws://localhost:53536/devtoo..., se:cdpVersion: 134.0.6998.178, setWindowRect: true, strictFileInteractability: false, timeouts: {implicit: 0, pageLoad: 300000, script: 30000}, unhandledPromptBehavior: dismiss and notify, webauthn:extension:credBlob: true, webauthn:extension:largeBlob: true, webauthn:extension:minPinLength: true, webauthn:extension:prf: true, webauthn:virtualAuthenticators: true}
Element: [[ChromeDriver: chrome on windows (bdc796bbb8a792e69b271c97aeab13eb)] -> xpath: //input[@type='file']]
Session ID: bdc796bbb8a792e69b271c97aeab13eb
2025-04-01 00:18:30 [main] INFO  ExtentListener - Capturing screenshot for failed test
2025-04-01 00:18:30 [main] INFO  ExtentListener - Start function captureScreenshot
2025-04-01 00:18:30 [main] INFO  ExtentListener - captureScreenshot in onTestFailure: test-output/screenshots/testCreateProductNoVariant.png
2025-04-01 00:18:30 [main] INFO  BaseTest - Start function close browser
2025-04-01 00:18:31 [main] INFO  BaseTest - Browser closed successfully
2025-04-01 00:18:31 [main] INFO  BaseTest - Start function close browser
2025-04-01 00:18:31 [main] INFO  BaseTest - Browser closed successfully
2025-04-01 00:18:31 [main] INFO  ExtentListener - Start onFinish(ITestContext context)
2025-04-01 00:18:34 [main] INFO  ExtentListener - function onFinish run successfully
2025-04-01 07:48:51 [main] INFO  ExtentListener - ExtentListener is working
2025-04-01 07:48:51 [main] INFO  ExtentListener - extent == null, initializing
2025-04-01 07:48:52 [main] INFO  ExtentListener - ExtentListener: onStart - ExtentReports initialized
2025-04-01 07:48:52 [main] INFO  BaseTest - Log directory already exists: F:\HoaiTu\SM\GoSell\GS_Automation\testJavaMaven/logs
2025-04-01 07:48:58 [main] INFO  BaseTest - WebDriver initialized successfully
2025-04-01 07:48:58 [main] WARN  BaseTest - ExtentTest (class) is null in setup
2025-04-01 07:48:58 [main] INFO  ExtentListener - onTestStart called for: testCreateProductWithOneVariantTest
2025-04-01 07:48:58 [main] INFO  ExtentListener - Test started: testCreateProductWithOneVariantTest
2025-04-01 07:49:00 [main] INFO  LoginPage - Starting login process...
2025-04-01 07:49:00 [main] INFO  LoginPage - Input password ...........Successfully
2025-04-01 07:49:01 [main] INFO  ProductPage2 - Starting navigateToProducts process...
2025-04-01 07:49:07 [main] INFO  ProductPage2 - Starting navigateToAllProducts process...
2025-04-01 07:49:08 [main] INFO  ProductPage2 - Starting clickCreateProduct process...
2025-04-01 07:49:08 [main] INFO  ProductPage2 - Starting inputProductName process...
2025-04-01 07:49:11 [main] INFO  ProductPage2 - Starting inputDescription process...
2025-04-01 07:49:12 [main] INFO  ProductPage2 - Starting selectImage process...
2025-04-01 07:49:12 [main] INFO  ProductPage2 - utility.scrollToElement(driver, clickSelectImage);
2025-04-01 07:49:12 [main] ERROR ExtentListener - Test failed: testCreateProductWithOneVariantTest - org.openqa.selenium.InvalidArgumentException: invalid argument: File not found : C:\Users\admin\Downloads\20250215_123821.jpg
  (Session info: chrome=134.0.6998.178)
Build info: version: '4.20.0', revision: '866c76ca80'
System info: os.name: 'Windows 10', os.arch: 'amd64', os.version: '10.0', java.version: '17.0.12'
Driver info: org.openqa.selenium.chrome.ChromeDriver
Command: [220a93f3e52433a404be415d7bc2ad81, sendKeysToElement {id=f.017F5285157FA63AC9DD795750AE230F.d.CA512CC34CF168A508A44BBB814C1976.e.283, value=[Ljava.lang.CharSequence;@763cf5b9}]
Capabilities {acceptInsecureCerts: false, browserName: chrome, browserVersion: 134.0.6998.178, chrome: {chromedriverVersion: 134.0.6998.165 (fd886e2cb29..., userDataDir: C:\Users\hoait\AppData\Loca...}, fedcm:accounts: true, goog:chromeOptions: {debuggerAddress: localhost:54223}, networkConnectionEnabled: false, pageLoadStrategy: normal, platformName: windows, proxy: Proxy(), se:cdp: ws://localhost:54223/devtoo..., se:cdpVersion: 134.0.6998.178, setWindowRect: true, strictFileInteractability: false, timeouts: {implicit: 0, pageLoad: 300000, script: 30000}, unhandledPromptBehavior: dismiss and notify, webauthn:extension:credBlob: true, webauthn:extension:largeBlob: true, webauthn:extension:minPinLength: true, webauthn:extension:prf: true, webauthn:virtualAuthenticators: true}
Element: [[ChromeDriver: chrome on windows (220a93f3e52433a404be415d7bc2ad81)] -> xpath: //input[@type='file']]
Session ID: 220a93f3e52433a404be415d7bc2ad81
2025-04-01 07:49:12 [main] INFO  ExtentListener - Capturing screenshot for failed test
2025-04-01 07:49:12 [main] INFO  ExtentListener - Start function captureScreenshot
2025-04-01 07:49:13 [main] INFO  ExtentListener - captureScreenshot in onTestFailure: test-output/screenshots/testCreateProductWithOneVariantTest.png
2025-04-01 07:49:13 [main] INFO  BaseTest - Start function close browser
2025-04-01 07:49:13 [main] INFO  BaseTest - Browser closed successfully
2025-04-01 07:49:13 [main] INFO  BaseTest - Start function close browser
2025-04-01 07:49:13 [main] INFO  BaseTest - Browser closed successfully
2025-04-01 07:49:13 [main] INFO  ExtentListener - Start onFinish(ITestContext context)
2025-04-01 07:49:14 [main] INFO  ExtentListener - function onFinish run successfully
2025-04-01 07:55:29 [main] INFO  ExtentListener - ExtentListener is working
2025-04-01 07:55:29 [main] INFO  ExtentListener - extent == null, initializing
2025-04-01 07:55:29 [main] INFO  ExtentListener - ExtentListener: onStart - ExtentReports initialized
2025-04-01 07:55:29 [main] INFO  BaseTest - Log directory already exists: F:\HoaiTu\SM\GoSell\GS_Automation\testJavaMaven/logs
2025-04-01 07:55:33 [main] INFO  BaseTest - WebDriver initialized successfully
2025-04-01 07:55:33 [main] WARN  BaseTest - ExtentTest (class) is null in setup
2025-04-01 07:55:35 [main] INFO  ExtentListener - onTestStart called for: testCreateIMEIProduct
2025-04-01 07:55:35 [main] INFO  ExtentListener - Test started: testCreateIMEIProduct
2025-04-01 07:55:35 [main] INFO  LoginPage - Starting login process...
2025-04-01 07:55:36 [main] INFO  LoginPage - Input password ...........Successfully
2025-04-01 07:55:36 [main] INFO  ProductPage2 - Starting navigateToProducts process...
2025-04-01 07:55:43 [main] INFO  ProductPage2 - Starting navigateToAllProducts process...
2025-04-01 07:55:43 [main] INFO  ProductPage2 - Starting clickCreateProduct process...
2025-04-01 07:55:44 [main] INFO  ProductPage2 - Starting inputProductName process...
2025-04-01 07:55:47 [main] INFO  ProductPage2 - Starting inputDescription process...
2025-04-01 07:55:48 [main] INFO  ProductPage2 - Starting selectImage process...
2025-04-01 07:55:48 [main] INFO  ProductPage2 - utility.scrollToElement(driver, clickSelectImage);
2025-04-01 07:55:48 [main] INFO  ProductPage2 - Starting inputListingPriceNoVariants/ Gi nim yt process...
2025-04-01 07:55:49 [main] INFO  ProductPage2 - Starting inputSellingPriceNoVariants/ selling price process...
2025-04-01 07:55:50 [main] INFO  ProductPage2 - Starting inputCostPriceNoVariants/ gi gc process...
2025-04-01 07:55:51 [main] INFO  ProductPage2 - Starting manageIMEIProduct process...
2025-04-01 07:55:51 [main] INFO  ProductPage2 - Starting manageInventoryByProduct process...
2025-04-01 07:55:51 [main] INFO  ProductPage2 - Starting manageInventoryByImei process...
2025-04-01 07:55:51 [main] INFO  ProductPage2 - Starting verifyClickManageInventoryByImei process...
2025-04-01 07:55:51 [main] INFO  ProductPage2 - Starting clickSaveButton process...
2025-04-01 07:55:52 [main] INFO  ProductPage2 - Starting verifyCreateProduct process...
2025-04-01 07:55:53 [main] INFO  ExtentListener - Test passed: testCreateIMEIProduct
2025-04-01 07:55:53 [main] INFO  BaseTest - Start function close browser
2025-04-01 07:55:54 [main] INFO  BaseTest - Browser closed successfully
2025-04-01 07:55:54 [main] INFO  BaseTest - Start function close browser
2025-04-01 07:55:54 [main] INFO  BaseTest - Browser closed successfully
2025-04-01 07:55:54 [main] INFO  BaseTest - Log directory already exists: F:\HoaiTu\SM\GoSell\GS_Automation\testJavaMaven/logs
2025-04-01 07:55:57 [main] INFO  BaseTest - WebDriver initialized successfully
2025-04-01 07:55:59 [main] INFO  ExtentListener - onTestStart called for: testCreateNormalProductTest
2025-04-01 07:55:59 [main] INFO  ExtentListener - Test started: testCreateNormalProductTest
2025-04-01 07:56:00 [main] INFO  LoginPage - Starting login process...
2025-04-01 07:56:00 [main] INFO  LoginPage - Input password ...........Successfully
2025-04-01 07:56:00 [main] INFO  ProductPage2 - Starting navigateToProducts process...
2025-04-01 07:56:07 [main] INFO  ProductPage2 - Starting navigateToAllProducts process...
2025-04-01 07:56:07 [main] INFO  ProductPage2 - Start function deleteProductByName
2025-04-01 07:56:12 [main] INFO  ExtentListener - Test passed: testCreateNormalProductTest
2025-04-01 07:56:12 [main] INFO  ProductPage2 - Start function deleteProductByName
2025-04-01 07:56:19 [main] INFO  BaseTest - Start function close browser
2025-04-01 07:56:19 [main] INFO  BaseTest - Browser closed successfully
2025-04-01 07:56:19 [main] INFO  BaseTest - Start function close browser
2025-04-01 07:56:19 [main] INFO  BaseTest - Browser closed successfully
2025-04-01 07:56:19 [main] INFO  BaseTest - Log directory already exists: F:\HoaiTu\SM\GoSell\GS_Automation\testJavaMaven/logs
2025-04-01 07:56:22 [main] INFO  BaseTest - WebDriver initialized successfully
2025-04-01 07:56:23 [main] INFO  ExtentListener - onTestStart called for: TestCreateProductSetupVAT
2025-04-01 07:56:23 [main] INFO  ExtentListener - Test started: TestCreateProductSetupVAT
2025-04-01 07:56:24 [main] INFO  LoginPage - Starting login process...
2025-04-01 07:56:24 [main] INFO  LoginPage - Input password ...........Successfully
2025-04-01 07:56:24 [main] INFO  ProductPage2 - Starting navigateToProducts process...
2025-04-01 07:56:30 [main] INFO  ProductPage2 - Starting navigateToAllProducts process...
2025-04-01 07:56:31 [main] INFO  ProductPage2 - Starting clickCreateProduct process...
2025-04-01 07:56:31 [main] INFO  ProductPage2 - Starting inputProductName process...
2025-04-01 07:56:34 [main] INFO  ProductPage2 - Starting inputDescription process...
2025-04-01 07:56:35 [main] INFO  ProductPage2 - Starting selectImage process...
2025-04-01 07:56:35 [main] INFO  ProductPage2 - utility.scrollToElement(driver, clickSelectImage);
2025-04-01 07:56:35 [main] INFO  ProductPage2 - Starting inputListingPriceNoVariants/ Gi nim yt process...
2025-04-01 07:56:36 [main] INFO  ProductPage2 - Starting inputSellingPriceNoVariants/ selling price process...
2025-04-01 07:56:37 [main] INFO  ProductPage2 - Starting inputCostPriceNoVariants/ gi gc process...
2025-04-01 07:56:37 [main] INFO  ProductPage2 - Start function setTaxRate
2025-04-01 07:56:37 [main] INFO  ProductPage2 - Start function vatValue
2025-04-01 07:56:38 [main] ERROR ExtentListener - Test failed: TestCreateProductSetupVAT - java.lang.RuntimeException: Choose VAT failed by: invalid selector: Unable to locate an element with the xpath expression //button[contains(@class, 'uik-select__option')]//div[contains(@class, 'uik-select__label') and contains(text(), 'tax_10%') because of the following error:
SyntaxError: Failed to execute 'evaluate' on 'Document': The string '//button[contains(@class, 'uik-select__option')]//div[contains(@class, 'uik-select__label') and contains(text(), 'tax_10%')' is not a valid XPath expression.
  (Session info: chrome=134.0.6998.178)
For documentation on this error, please visit: https://www.selenium.dev/documentation/webdriver/troubleshooting/errors#invalid-selector-exception
Build info: version: '4.20.0', revision: '866c76ca80'
System info: os.name: 'Windows 10', os.arch: 'amd64', os.version: '10.0', java.version: '17.0.12'
Driver info: org.openqa.selenium.chrome.ChromeDriver
Command: [711ef41b8f1214164eb2015803a016cf, findElement {value=//button[contains(@class, 'uik-select__option')]//div[contains(@class, 'uik-select__label') and contains(text(), 'tax_10%'), using=xpath}]
Capabilities {acceptInsecureCerts: false, browserName: chrome, browserVersion: 134.0.6998.178, chrome: {chromedriverVersion: 134.0.6998.165 (fd886e2cb29..., userDataDir: C:\Users\hoait\AppData\Loca...}, fedcm:accounts: true, goog:chromeOptions: {debuggerAddress: localhost:54451}, networkConnectionEnabled: false, pageLoadStrategy: normal, platformName: windows, proxy: Proxy(), se:cdp: ws://localhost:54451/devtoo..., se:cdpVersion: 134.0.6998.178, setWindowRect: true, strictFileInteractability: false, timeouts: {implicit: 0, pageLoad: 300000, script: 30000}, unhandledPromptBehavior: dismiss and notify, webauthn:extension:credBlob: true, webauthn:extension:largeBlob: true, webauthn:extension:minPinLength: true, webauthn:extension:prf: true, webauthn:virtualAuthenticators: true}
Session ID: 711ef41b8f1214164eb2015803a016cf
2025-04-01 07:56:38 [main] INFO  ExtentListener - Capturing screenshot for failed test
2025-04-01 07:56:38 [main] INFO  ExtentListener - Start function captureScreenshot
2025-04-01 07:56:38 [main] INFO  ExtentListener - captureScreenshot in onTestFailure: test-output/screenshots/TestCreateProductSetupVAT.png
2025-04-01 07:56:38 [main] INFO  BaseTest - Start function close browser
2025-04-01 07:56:40 [main] INFO  BaseTest - Browser closed successfully
2025-04-01 07:56:40 [main] INFO  BaseTest - Start function close browser
2025-04-01 07:56:40 [main] INFO  BaseTest - Browser closed successfully
2025-04-01 07:56:40 [main] INFO  BaseTest - Log directory already exists: F:\HoaiTu\SM\GoSell\GS_Automation\testJavaMaven/logs
2025-04-01 07:56:43 [main] INFO  BaseTest - WebDriver initialized successfully
2025-04-01 07:56:44 [main] INFO  ExtentListener - onTestStart called for: testCreateProductShowOnApp
2025-04-01 07:56:44 [main] INFO  ExtentListener - Test started: testCreateProductShowOnApp
2025-04-01 07:56:45 [main] INFO  LoginPage - Starting login process...
2025-04-01 07:56:45 [main] INFO  LoginPage - Input password ...........Successfully
2025-04-01 07:56:45 [main] INFO  ProductPage2 - Starting navigateToProducts process...
2025-04-01 07:56:52 [main] INFO  ProductPage2 - Starting navigateToAllProducts process...
2025-04-01 07:56:53 [main] INFO  ProductPage2 - Starting clickCreateProduct process...
2025-04-01 07:56:53 [main] INFO  ProductPage2 - Starting inputProductName process...
2025-04-01 07:56:57 [main] INFO  ProductPage2 - Starting inputDescription process...
2025-04-01 07:56:57 [main] INFO  ProductPage2 - Starting selectImage process...
2025-04-01 07:56:57 [main] INFO  ProductPage2 - utility.scrollToElement(driver, clickSelectImage);
2025-04-01 07:56:58 [main] INFO  ProductPage2 - Starting inputListingPriceNoVariants/ Gi nim yt process...
2025-04-01 07:56:58 [main] INFO  ProductPage2 - Starting inputSellingPriceNoVariants/ selling price process...
2025-04-01 07:56:59 [main] INFO  ProductPage2 - Starting inputCostPriceNoVariants/ gi gc process...
2025-04-01 07:57:00 [main] INFO  ProductPage2 - Start function setPlatformSelection
2025-04-01 07:57:01 [main] INFO  ProductPage2 - Starting clickSaveButton process...
2025-04-01 07:57:01 [main] INFO  ProductPage2 - Starting verifyCreateProduct process...
2025-04-01 07:57:03 [main] INFO  ExtentListener - Test passed: testCreateProductShowOnApp
2025-04-01 07:57:03 [main] INFO  BaseTest - Start function close browser
2025-04-01 07:57:04 [main] INFO  BaseTest - Browser closed successfully
2025-04-01 07:57:04 [main] INFO  BaseTest - Start function close browser
2025-04-01 07:57:04 [main] INFO  BaseTest - Browser closed successfully
2025-04-01 07:57:04 [main] INFO  BaseTest - Log directory already exists: F:\HoaiTu\SM\GoSell\GS_Automation\testJavaMaven/logs
2025-04-01 07:57:06 [main] INFO  BaseTest - WebDriver initialized successfully
2025-04-01 07:57:06 [main] INFO  ExtentListener - onTestStart called for: testCreateProductShowOnWeb
2025-04-01 07:57:06 [main] INFO  ExtentListener - Test started: testCreateProductShowOnWeb
2025-04-01 07:57:08 [main] INFO  LoginPage - Starting login process...
2025-04-01 07:57:08 [main] INFO  LoginPage - Input password ...........Successfully
2025-04-01 07:57:08 [main] INFO  ProductPage2 - Starting navigateToProducts process...
2025-04-01 07:57:16 [main] INFO  ProductPage2 - Starting navigateToAllProducts process...
2025-04-01 07:57:16 [main] INFO  ProductPage2 - Starting clickCreateProduct process...
2025-04-01 07:57:16 [main] INFO  ProductPage2 - Starting inputProductName process...
2025-04-01 07:57:20 [main] INFO  ProductPage2 - Starting inputDescription process...
2025-04-01 07:57:20 [main] INFO  ProductPage2 - Starting selectImage process...
2025-04-01 07:57:20 [main] INFO  ProductPage2 - utility.scrollToElement(driver, clickSelectImage);
2025-04-01 07:57:21 [main] INFO  ProductPage2 - Starting inputListingPriceNoVariants/ Gi nim yt process...
2025-04-01 07:57:21 [main] INFO  ProductPage2 - Starting inputSellingPriceNoVariants/ selling price process...
2025-04-01 07:57:22 [main] INFO  ProductPage2 - Starting inputCostPriceNoVariants/ gi gc process...
2025-04-01 07:57:23 [main] INFO  ProductPage2 - Start function setPlatformSelection
2025-04-01 07:57:24 [main] INFO  ProductPage2 - Starting clickSaveButton process...
2025-04-01 07:57:24 [main] INFO  ProductPage2 - Starting verifyCreateProduct process...
2025-04-01 07:57:26 [main] INFO  ExtentListener - Test passed: testCreateProductShowOnWeb
2025-04-01 07:57:26 [main] INFO  BaseTest - Start function close browser
2025-04-01 07:57:27 [main] INFO  BaseTest - Browser closed successfully
2025-04-01 07:57:27 [main] INFO  BaseTest - Start function close browser
2025-04-01 07:57:27 [main] INFO  BaseTest - Browser closed successfully
2025-04-01 07:57:27 [main] INFO  BaseTest - Log directory already exists: F:\HoaiTu\SM\GoSell\GS_Automation\testJavaMaven/logs
2025-04-01 07:57:29 [main] INFO  BaseTest - WebDriver initialized successfully
2025-04-01 07:57:29 [main] INFO  ExtentListener - onTestStart called for: testCreateNormalProductTest
2025-04-01 07:57:29 [main] INFO  ExtentListener - Test started: testCreateNormalProductTest
2025-04-01 07:57:31 [main] INFO  LoginPage - Starting login process...
2025-04-01 07:57:31 [main] INFO  LoginPage - Input password ...........Successfully
2025-04-01 07:57:32 [main] INFO  ProductPage2 - Starting navigateToProducts process...
2025-04-01 07:57:39 [main] INFO  ProductPage2 - Starting navigateToAllProducts process...
2025-04-01 07:57:39 [main] INFO  ProductPage2 - Starting clickCreateProduct process...
2025-04-01 07:57:39 [main] INFO  ProductPage2 - Starting inputProductName process...
2025-04-01 07:57:43 [main] INFO  ProductPage2 - Starting inputDescription process...
2025-04-01 07:57:43 [main] INFO  ProductPage2 - Starting selectImage process...
2025-04-01 07:57:43 [main] INFO  ProductPage2 - utility.scrollToElement(driver, clickSelectImage);
2025-04-01 07:57:44 [main] INFO  ProductPage2 - Starting inputListingPriceNoVariants/ Gi nim yt process...
2025-04-01 07:57:44 [main] INFO  ProductPage2 - Starting inputSellingPriceNoVariants/ selling price process...
2025-04-01 07:57:45 [main] INFO  ProductPage2 - Starting inputCostPriceNoVariants/ gi gc process...
2025-04-01 07:57:46 [main] INFO  ProductPage2 - Starting manageNormalProduct process...
2025-04-01 07:57:46 [main] INFO  ProductPage2 - Starting manageInventoryByProduct process...
2025-04-01 07:57:46 [main] INFO  ProductPage2 - Starting manageStockNormalProduct process...
2025-04-01 07:57:46 [main] INFO  ProductPage2 - Starting verifyManageNormalStock process...
2025-04-01 07:57:46 [main] INFO  ProductPage2 - Starting clickSaveButton process...
2025-04-01 07:57:47 [main] INFO  ProductPage2 - Starting verifyCreateProduct process...
2025-04-01 07:57:49 [main] INFO  ExtentListener - Test passed: testCreateNormalProductTest
2025-04-01 07:57:49 [main] INFO  BaseTest - Start function close browser
2025-04-01 07:57:49 [main] INFO  BaseTest - Browser closed successfully
2025-04-01 07:57:49 [main] INFO  BaseTest - Start function close browser
2025-04-01 07:57:49 [main] INFO  BaseTest - Browser closed successfully
2025-04-01 07:57:49 [main] INFO  BaseTest - Log directory already exists: F:\HoaiTu\SM\GoSell\GS_Automation\testJavaMaven/logs
2025-04-01 07:57:51 [main] INFO  BaseTest - WebDriver initialized successfully
2025-04-01 07:57:53 [main] INFO  ExtentListener - onTestStart called for: testCreateProductHiddenTest
2025-04-01 07:57:53 [main] INFO  ExtentListener - Test started: testCreateProductHiddenTest
2025-04-01 07:57:54 [main] INFO  LoginPage - Starting login process...
2025-04-01 07:57:54 [main] INFO  LoginPage - Input password ...........Successfully
2025-04-01 07:57:54 [main] INFO  ProductPage2 - Starting navigateToProducts process...
2025-04-01 07:58:01 [main] INFO  ProductPage2 - Starting navigateToAllProducts process...
2025-04-01 07:58:02 [main] INFO  ProductPage2 - Starting clickCreateProduct process...
2025-04-01 07:58:02 [main] INFO  ProductPage2 - Starting inputProductName process...
2025-04-01 07:58:05 [main] INFO  ProductPage2 - Starting inputDescription process...
2025-04-01 07:58:06 [main] INFO  ProductPage2 - Starting selectImage process...
2025-04-01 07:58:06 [main] INFO  ProductPage2 - utility.scrollToElement(driver, clickSelectImage);
2025-04-01 07:58:06 [main] INFO  ProductPage2 - Starting inputListingPriceNoVariants/ Gi nim yt process...
2025-04-01 07:58:07 [main] INFO  ProductPage2 - Starting inputSellingPriceNoVariants/ selling price process...
2025-04-01 07:58:08 [main] INFO  ProductPage2 - Starting inputCostPriceNoVariants/ gi gc process...
2025-04-01 07:58:08 [main] INFO  ProductPage2 - Starting hideRemainingStockOnOnlineStore process...
2025-04-01 07:58:18 [main] ERROR ExtentListener - Test failed: testCreateProductHiddenTest - org.openqa.selenium.TimeoutException: hideRemainingStockOnOnlineStore failed: org.openqa.selenium.TimeoutException:  waitForVisibility org.openqa.selenium.TimeoutException: Expected condition failed: waiting for visibility of element located by By.id: isHideStock (tried for 10 second(s) with 500 milliseconds interval)
Build info: version: '4.20.0', revision: '866c76ca80'
System info: os.name: 'Windows 10', os.arch: 'amd64', os.version: '10.0', java.version: '17.0.12'
Driver info: org.openqa.selenium.chrome.ChromeDriver
Capabilities {acceptInsecureCerts: false, browserName: chrome, browserVersion: 134.0.6998.178, chrome: {chromedriverVersion: 134.0.6998.165 (fd886e2cb29..., userDataDir: C:\Users\hoait\AppData\Loca...}, fedcm:accounts: true, goog:chromeOptions: {debuggerAddress: localhost:54684}, networkConnectionEnabled: false, pageLoadStrategy: normal, platformName: windows, proxy: Proxy(), se:cdp: ws://localhost:54684/devtoo..., se:cdpVersion: 134.0.6998.178, setWindowRect: true, strictFileInteractability: false, timeouts: {implicit: 0, pageLoad: 300000, script: 30000}, unhandledPromptBehavior: dismiss and notify, webauthn:extension:credBlob: true, webauthn:extension:largeBlob: true, webauthn:extension:minPinLength: true, webauthn:extension:prf: true, webauthn:virtualAuthenticators: true}
Session ID: 002e721a41f6d689cd1987e0735407f5
Build info: version: '4.20.0', revision: '866c76ca80'
System info: os.name: 'Windows 10', os.arch: 'amd64', os.version: '10.0', java.version: '17.0.12'
Driver info: driver.version: unknown
Build info: version: '4.20.0', revision: '866c76ca80'
System info: os.name: 'Windows 10', os.arch: 'amd64', os.version: '10.0', java.version: '17.0.12'
Driver info: driver.version: unknown
2025-04-01 07:58:18 [main] INFO  ExtentListener - Capturing screenshot for failed test
2025-04-01 07:58:18 [main] INFO  ExtentListener - Start function captureScreenshot
2025-04-01 07:58:19 [main] INFO  ExtentListener - captureScreenshot in onTestFailure: test-output/screenshots/testCreateProductHiddenTest.png
2025-04-01 07:58:19 [main] INFO  BaseTest - Start function close browser
2025-04-01 07:58:21 [main] INFO  BaseTest - Browser closed successfully
2025-04-01 07:58:21 [main] INFO  BaseTest - Start function close browser
2025-04-01 07:58:21 [main] INFO  BaseTest - Browser closed successfully
2025-04-01 07:58:21 [main] INFO  BaseTest - Log directory already exists: F:\HoaiTu\SM\GoSell\GS_Automation\testJavaMaven/logs
2025-04-01 07:58:24 [main] INFO  BaseTest - WebDriver initialized successfully
2025-04-01 07:58:24 [main] INFO  ExtentListener - onTestStart called for: testCreateLotDateProductTest
2025-04-01 07:58:24 [main] INFO  ExtentListener - Test started: testCreateLotDateProductTest
2025-04-01 07:58:26 [main] INFO  LoginPage - Starting login process...
2025-04-01 07:58:26 [main] INFO  LoginPage - Input password ...........Successfully
2025-04-01 07:58:26 [main] INFO  ProductPage2 - Starting navigateToProducts process...
2025-04-01 07:58:33 [main] INFO  ProductPage2 - Starting navigateToAllProducts process...
2025-04-01 07:58:33 [main] INFO  ProductPage2 - Starting clickCreateProduct process...
2025-04-01 07:58:34 [main] INFO  ProductPage2 - Starting inputProductName process...
2025-04-01 07:58:37 [main] INFO  ProductPage2 - Starting inputDescription process...
2025-04-01 07:58:38 [main] INFO  ProductPage2 - Starting selectImage process...
2025-04-01 07:58:38 [main] INFO  ProductPage2 - utility.scrollToElement(driver, clickSelectImage);
2025-04-01 07:58:38 [main] INFO  ProductPage2 - Starting inputListingPriceNoVariants/ Gi nim yt process...
2025-04-01 07:58:39 [main] INFO  ProductPage2 - Starting inputSellingPriceNoVariants/ selling price process...
2025-04-01 07:58:40 [main] INFO  ProductPage2 - Starting inputCostPriceNoVariants/ gi gc process...
2025-04-01 07:58:40 [main] INFO  ProductPage2 - Starting manageLotProduct process...
2025-04-01 07:58:40 [main] INFO  ProductPage2 - Starting manageInventoryByProduct process...
2025-04-01 07:58:41 [main] INFO  ProductPage2 - Starting manageStockByLotDate process...
2025-04-01 07:58:41 [main] INFO  ProductPage2 - Starting clickManageStockByLotDate process...
2025-04-01 07:58:41 [main] INFO  ProductPage2 - Starting clickExcludeExpiredQuantity process...
2025-04-01 07:58:51 [main] ERROR ExtentListener - Test failed: testCreateLotDateProductTest - org.openqa.selenium.TimeoutException: manageLotProduct failed: org.openqa.selenium.TimeoutException: clickExcludeExpiredQuantity failed: org.openqa.selenium.TimeoutException: waitForPresence failed: org.openqa.selenium.TimeoutException: Expected condition failed: waiting for presence of element located by: By.id: expiredQuality (tried for 10 second(s) with 500 milliseconds interval)
Build info: version: '4.20.0', revision: '866c76ca80'
System info: os.name: 'Windows 10', os.arch: 'amd64', os.version: '10.0', java.version: '17.0.12'
Driver info: driver.version: unknown
Build info: version: '4.20.0', revision: '866c76ca80'
System info: os.name: 'Windows 10', os.arch: 'amd64', os.version: '10.0', java.version: '17.0.12'
Driver info: driver.version: unknown
Build info: version: '4.20.0', revision: '866c76ca80'
System info: os.name: 'Windows 10', os.arch: 'amd64', os.version: '10.0', java.version: '17.0.12'
Driver info: driver.version: unknown
2025-04-01 07:58:51 [main] INFO  ExtentListener - Capturing screenshot for failed test
2025-04-01 07:58:51 [main] INFO  ExtentListener - Start function captureScreenshot
2025-04-01 07:58:51 [main] INFO  ExtentListener - captureScreenshot in onTestFailure: test-output/screenshots/testCreateLotDateProductTest.png
2025-04-01 07:58:51 [main] INFO  BaseTest - Start function close browser
2025-04-01 07:58:53 [main] INFO  BaseTest - Browser closed successfully
2025-04-01 07:58:53 [main] INFO  BaseTest - Start function close browser
2025-04-01 07:58:53 [main] INFO  BaseTest - Browser closed successfully
2025-04-01 07:58:53 [main] INFO  BaseTest - Log directory already exists: F:\HoaiTu\SM\GoSell\GS_Automation\testJavaMaven/logs
2025-04-01 07:58:57 [main] INFO  BaseTest - WebDriver initialized successfully
2025-04-01 07:58:58 [main] INFO  ExtentListener - onTestStart called for: testCreateProductNoVariant
2025-04-01 07:58:58 [main] INFO  ExtentListener - Test started: testCreateProductNoVariant
2025-04-01 07:58:59 [main] INFO  LoginPage - Starting login process...
2025-04-01 07:58:59 [main] INFO  LoginPage - Input password ...........Successfully
2025-04-01 07:58:59 [main] INFO  ProductPage2 - Starting navigateToProducts process...
2025-04-01 07:59:07 [main] INFO  ProductPage2 - Starting navigateToAllProducts process...
2025-04-01 07:59:07 [main] INFO  ProductPage2 - Starting clickCreateProduct process...
2025-04-01 07:59:08 [main] INFO  ProductPage2 - Starting inputProductName process...
2025-04-01 07:59:11 [main] INFO  ProductPage2 - Starting inputDescription process...
2025-04-01 07:59:11 [main] INFO  ProductPage2 - Starting selectImage process...
2025-04-01 07:59:11 [main] INFO  ProductPage2 - utility.scrollToElement(driver, clickSelectImage);
2025-04-01 07:59:12 [main] INFO  ProductPage2 - Starting inputListingPriceNoVariants/ Gi nim yt process...
2025-04-01 07:59:12 [main] INFO  ProductPage2 - Starting inputSellingPriceNoVariants/ selling price process...
2025-04-01 07:59:13 [main] INFO  ProductPage2 - Starting inputCostPriceNoVariants/ gi gc process...
2025-04-01 07:59:14 [main] INFO  ProductPage2 - Starting clickSaveButton process...
2025-04-01 07:59:14 [main] INFO  ProductPage2 - Starting verifyCreateProduct process...
2025-04-01 07:59:16 [main] INFO  ExtentListener - Test passed: testCreateProductNoVariant
2025-04-01 07:59:16 [main] INFO  BaseTest - Start function close browser
2025-04-01 07:59:17 [main] INFO  BaseTest - Browser closed successfully
2025-04-01 07:59:17 [main] INFO  BaseTest - Start function close browser
2025-04-01 07:59:17 [main] INFO  BaseTest - Browser closed successfully
2025-04-01 07:59:17 [main] INFO  BaseTest - Log directory already exists: F:\HoaiTu\SM\GoSell\GS_Automation\testJavaMaven/logs
2025-04-01 07:59:19 [main] INFO  BaseTest - WebDriver initialized successfully
2025-04-01 07:59:21 [main] INFO  ExtentListener - onTestStart called for: testCreateProductShowOnInStore
2025-04-01 07:59:21 [main] INFO  ExtentListener - Test started: testCreateProductShowOnInStore
2025-04-01 07:59:22 [main] INFO  LoginPage - Starting login process...
2025-04-01 07:59:22 [main] INFO  LoginPage - Input password ...........Successfully
2025-04-01 07:59:22 [main] INFO  ProductPage2 - Starting navigateToProducts process...
2025-04-01 07:59:29 [main] INFO  ProductPage2 - Starting navigateToAllProducts process...
2025-04-01 07:59:29 [main] INFO  ProductPage2 - Starting clickCreateProduct process...
2025-04-01 07:59:30 [main] INFO  ProductPage2 - Starting inputProductName process...
2025-04-01 07:59:33 [main] INFO  ProductPage2 - Starting inputDescription process...
2025-04-01 07:59:33 [main] INFO  ProductPage2 - Starting selectImage process...
2025-04-01 07:59:33 [main] INFO  ProductPage2 - utility.scrollToElement(driver, clickSelectImage);
2025-04-01 07:59:34 [main] INFO  ProductPage2 - Starting inputListingPriceNoVariants/ Gi nim yt process...
2025-04-01 07:59:35 [main] INFO  ProductPage2 - Starting inputSellingPriceNoVariants/ selling price process...
2025-04-01 07:59:35 [main] INFO  ProductPage2 - Starting inputCostPriceNoVariants/ gi gc process...
2025-04-01 07:59:36 [main] INFO  ProductPage2 - Start function setPlatformSelection
2025-04-01 07:59:37 [main] INFO  ProductPage2 - Starting clickSaveButton process...
2025-04-01 07:59:38 [main] INFO  ProductPage2 - Starting verifyCreateProduct process...
2025-04-01 07:59:39 [main] INFO  ExtentListener - Test passed: testCreateProductShowOnInStore
2025-04-01 07:59:39 [main] INFO  BaseTest - Start function close browser
2025-04-01 07:59:40 [main] INFO  BaseTest - Browser closed successfully
2025-04-01 07:59:40 [main] INFO  BaseTest - Start function close browser
2025-04-01 07:59:40 [main] INFO  BaseTest - Browser closed successfully
2025-04-01 07:59:40 [main] INFO  BaseTest - Log directory already exists: F:\HoaiTu\SM\GoSell\GS_Automation\testJavaMaven/logs
2025-04-01 07:59:42 [main] INFO  BaseTest - WebDriver initialized successfully
2025-04-01 07:59:43 [main] INFO  ExtentListener - onTestStart called for: testCreateProductShowOnGoSocial
2025-04-01 07:59:43 [main] INFO  ExtentListener - Test started: testCreateProductShowOnGoSocial
2025-04-01 07:59:44 [main] INFO  LoginPage - Starting login process...
2025-04-01 07:59:44 [main] INFO  LoginPage - Input password ...........Successfully
2025-04-01 07:59:44 [main] INFO  ProductPage2 - Starting navigateToProducts process...
2025-04-01 07:59:51 [main] INFO  ProductPage2 - Starting navigateToAllProducts process...
2025-04-01 07:59:51 [main] INFO  ProductPage2 - Starting clickCreateProduct process...
2025-04-01 07:59:51 [main] INFO  ProductPage2 - Starting inputProductName process...
2025-04-01 07:59:54 [main] INFO  ProductPage2 - Starting inputDescription process...
2025-04-01 07:59:55 [main] INFO  ProductPage2 - Starting selectImage process...
2025-04-01 07:59:55 [main] INFO  ProductPage2 - utility.scrollToElement(driver, clickSelectImage);
2025-04-01 07:59:55 [main] INFO  ProductPage2 - Starting inputListingPriceNoVariants/ Gi nim yt process...
2025-04-01 07:59:56 [main] INFO  ProductPage2 - Starting inputSellingPriceNoVariants/ selling price process...
2025-04-01 07:59:57 [main] INFO  ProductPage2 - Starting inputCostPriceNoVariants/ gi gc process...
2025-04-01 07:59:58 [main] INFO  ProductPage2 - Start function setPlatformSelection
2025-04-01 07:59:59 [main] INFO  ProductPage2 - Starting clickSaveButton process...
2025-04-01 07:59:59 [main] INFO  ProductPage2 - Starting verifyCreateProduct process...
2025-04-01 08:00:01 [main] INFO  ExtentListener - Test passed: testCreateProductShowOnGoSocial
2025-04-01 08:00:01 [main] INFO  BaseTest - Start function close browser
2025-04-01 08:00:01 [main] INFO  BaseTest - Browser closed successfully
2025-04-01 08:00:01 [main] INFO  BaseTest - Start function close browser
2025-04-01 08:00:01 [main] INFO  BaseTest - Browser closed successfully
2025-04-01 08:00:01 [main] INFO  BaseTest - Log directory already exists: F:\HoaiTu\SM\GoSell\GS_Automation\testJavaMaven/logs
2025-04-01 08:00:03 [main] INFO  BaseTest - WebDriver initialized successfully
2025-04-01 08:00:05 [main] INFO  ExtentListener - onTestStart called for: testCreateProductWithOneVariantTest
2025-04-01 08:00:05 [main] INFO  ExtentListener - Test started: testCreateProductWithOneVariantTest
2025-04-01 08:00:06 [main] INFO  LoginPage - Starting login process...
2025-04-01 08:00:06 [main] INFO  LoginPage - Input password ...........Successfully
2025-04-01 08:00:06 [main] INFO  ProductPage2 - Starting navigateToProducts process...
2025-04-01 08:00:12 [main] INFO  ProductPage2 - Starting navigateToAllProducts process...
2025-04-01 08:00:13 [main] INFO  ProductPage2 - Starting clickCreateProduct process...
2025-04-01 08:00:13 [main] INFO  ProductPage2 - Starting inputProductName process...
2025-04-01 08:00:16 [main] INFO  ProductPage2 - Starting inputDescription process...
2025-04-01 08:00:17 [main] INFO  ProductPage2 - Starting selectImage process...
2025-04-01 08:00:17 [main] INFO  ProductPage2 - utility.scrollToElement(driver, clickSelectImage);
2025-04-01 08:00:17 [main] INFO  ProductPage2 - Starting click addVariants process...
2025-04-01 08:00:18 [main] INFO  ProductPage2 - Starting inputVariantName process...
2025-04-01 08:00:19 [main] INFO  ProductPage2 - Starting inputVariationValue process...
2025-04-01 08:00:45 [main] INFO  ProductPage2 - Starting clickSaveButton process...
2025-04-01 08:00:46 [main] INFO  ProductPage2 - Starting verifyCreateProduct process...
2025-04-01 08:00:48 [main] INFO  ExtentListener - Test passed: testCreateProductWithOneVariantTest
2025-04-01 08:00:48 [main] INFO  BaseTest - Start function close browser
2025-04-01 08:00:48 [main] INFO  BaseTest - Browser closed successfully
2025-04-01 08:00:48 [main] INFO  BaseTest - Start function close browser
2025-04-01 08:00:48 [main] INFO  BaseTest - Browser closed successfully
2025-04-01 08:00:48 [main] INFO  BaseTest - Log directory already exists: F:\HoaiTu\SM\GoSell\GS_Automation\testJavaMaven/logs
2025-04-01 08:00:50 [main] INFO  BaseTest - WebDriver initialized successfully
2025-04-01 08:00:52 [main] INFO  ExtentListener - onTestStart called for: testCreateProductNoVariant
2025-04-01 08:00:52 [main] INFO  ExtentListener - Test started: testCreateProductNoVariant
2025-04-01 08:00:52 [main] INFO  LoginPage - Starting login process...
2025-04-01 08:00:52 [main] INFO  LoginPage - Input password ...........Successfully
2025-04-01 08:00:53 [main] INFO  ProductPage2 - Starting navigateToProducts process...
2025-04-01 08:00:59 [main] INFO  ProductPage2 - Starting navigateToAllProducts process...
2025-04-01 08:01:00 [main] INFO  ProductPage2 - Starting clickCreateProduct process...
2025-04-01 08:01:00 [main] INFO  ProductPage2 - Starting inputProductName process...
2025-04-01 08:01:03 [main] INFO  ProductPage2 - Starting inputDescription process...
2025-04-01 08:01:04 [main] INFO  ProductPage2 - Starting selectImage process...
2025-04-01 08:01:04 [main] INFO  ProductPage2 - utility.scrollToElement(driver, clickSelectImage);
2025-04-01 08:01:04 [main] INFO  ProductPage2 - Starting addVariantGroups process...
2025-04-01 08:01:04 [main] INFO  ProductPage2 - Starting click addVariants process...
2025-04-01 08:01:05 [main] INFO  ProductPage2 - Starting inputVariantName process...
2025-04-01 08:01:05 [main] INFO  ProductPage2 - Starting inputVariationValue process...
2025-04-01 08:01:11 [main] INFO  ProductPage2 - Starting click addVariants process...
2025-04-01 08:01:11 [main] INFO  ProductPage2 - Starting inputVariantName process...
2025-04-01 08:01:13 [main] INFO  ProductPage2 - Starting inputVariationValue process...
2025-04-01 08:02:17 [main] INFO  ProductPage2 - Starting clickSaveButton process...
2025-04-01 08:02:18 [main] INFO  ProductPage2 - Starting verifyCreateProduct process...
2025-04-01 08:02:20 [main] INFO  ExtentListener - Test passed: testCreateProductNoVariant
2025-04-01 08:02:20 [main] INFO  BaseTest - Start function close browser
2025-04-01 08:02:21 [main] INFO  BaseTest - Browser closed successfully
2025-04-01 08:02:21 [main] INFO  BaseTest - Start function close browser
2025-04-01 08:02:21 [main] INFO  BaseTest - Browser closed successfully
2025-04-01 08:02:21 [main] INFO  ExtentListener - Start onFinish(ITestContext context)
2025-04-01 08:02:22 [main] INFO  ExtentListener - function onFinish run successfully
